<?xml version="1.0" encoding="UTF-8" ?>
<testsuites name="vitest tests" tests="30" failures="0" errors="0" time="0.023702865">
    <testsuite name="src/utils/credentialManager.test.ts" timestamp="2025-10-03T00:53:43.454Z" hostname="Sapp-iMac.local" tests="30" failures="0" errors="0" skipped="0" time="0.023702865">
        <testcase classname="src/utils/credentialManager.test.ts" name="SecureCredentialManager &gt; Singleton Pattern &gt; should return the same instance" time="0.002068572">
        </testcase>
        <testcase classname="src/utils/credentialManager.test.ts" name="SecureCredentialManager &gt; Environment Variable Fallback &gt; should get credential from environment variable when secure storage unavailable" time="0.00044652">
        </testcase>
        <testcase classname="src/utils/credentialManager.test.ts" name="SecureCredentialManager &gt; Environment Variable Fallback &gt; should set credential in environment variable when secure storage unavailable" time="0.00028909">
        </testcase>
        <testcase classname="src/utils/credentialManager.test.ts" name="SecureCredentialManager &gt; Environment Variable Fallback &gt; should delete credential from environment variable" time="0.000319135">
        </testcase>
        <testcase classname="src/utils/credentialManager.test.ts" name="SecureCredentialManager &gt; Environment Variable Fallback &gt; should return null for non-existent credential" time="0.000246029">
        </testcase>
        <testcase classname="src/utils/credentialManager.test.ts" name="SecureCredentialManager &gt; macOS Keychain Storage &gt; should detect macOS keychain availability" time="0.003078978">
        </testcase>
        <testcase classname="src/utils/credentialManager.test.ts" name="SecureCredentialManager &gt; macOS Keychain Storage &gt; should get credential from keychain" time="0.000547213">
        </testcase>
        <testcase classname="src/utils/credentialManager.test.ts" name="SecureCredentialManager &gt; macOS Keychain Storage &gt; should set credential in keychain" time="0.000473822">
        </testcase>
        <testcase classname="src/utils/credentialManager.test.ts" name="SecureCredentialManager &gt; macOS Keychain Storage &gt; should delete credential from keychain" time="0.000826785">
        </testcase>
        <testcase classname="src/utils/credentialManager.test.ts" name="SecureCredentialManager &gt; macOS Keychain Storage &gt; should fallback to environment variable if keychain fails" time="0.000480338">
        </testcase>
        <testcase classname="src/utils/credentialManager.test.ts" name="SecureCredentialManager &gt; macOS Keychain Storage &gt; should return correct storage type" time="0.000646154">
        </testcase>
        <testcase classname="src/utils/credentialManager.test.ts" name="SecureCredentialManager &gt; Windows Credential Manager Storage &gt; should detect Windows credential manager availability" time="0.000713401">
        </testcase>
        <testcase classname="src/utils/credentialManager.test.ts" name="SecureCredentialManager &gt; Windows Credential Manager Storage &gt; should set credential in Windows credential manager" time="0.000545087">
        </testcase>
        <testcase classname="src/utils/credentialManager.test.ts" name="SecureCredentialManager &gt; Windows Credential Manager Storage &gt; should delete credential from Windows credential manager" time="0.000684138">
        </testcase>
        <testcase classname="src/utils/credentialManager.test.ts" name="SecureCredentialManager &gt; Windows Credential Manager Storage &gt; should return correct storage type" time="0.000821423">
        </testcase>
        <testcase classname="src/utils/credentialManager.test.ts" name="SecureCredentialManager &gt; Linux Secret Service Storage &gt; should detect Linux secret service availability" time="0.000821534">
        </testcase>
        <testcase classname="src/utils/credentialManager.test.ts" name="SecureCredentialManager &gt; Linux Secret Service Storage &gt; should get credential from secret service" time="0.000731445">
        </testcase>
        <testcase classname="src/utils/credentialManager.test.ts" name="SecureCredentialManager &gt; Linux Secret Service Storage &gt; should set credential in secret service" time="0.001277658">
        </testcase>
        <testcase classname="src/utils/credentialManager.test.ts" name="SecureCredentialManager &gt; Linux Secret Service Storage &gt; should delete credential from secret service" time="0.000572255">
        </testcase>
        <testcase classname="src/utils/credentialManager.test.ts" name="SecureCredentialManager &gt; Linux Secret Service Storage &gt; should return correct storage type" time="0.000293558">
        </testcase>
        <testcase classname="src/utils/credentialManager.test.ts" name="SecureCredentialManager &gt; Migration from Environment Variables &gt; should migrate credential from environment to secure storage" time="0.000477318">
        </testcase>
        <testcase classname="src/utils/credentialManager.test.ts" name="SecureCredentialManager &gt; Migration from Environment Variables &gt; should not migrate if no environment variable exists" time="0.000245859">
        </testcase>
        <testcase classname="src/utils/credentialManager.test.ts" name="SecureCredentialManager &gt; Migration from Environment Variables &gt; should keep environment variable if secure storage fails" time="0.000625462">
        </testcase>
        <testcase classname="src/utils/credentialManager.test.ts" name="SecureCredentialManager &gt; Error Handling &gt; should handle unavailable secure storage gracefully" time="0.000318075">
        </testcase>
        <testcase classname="src/utils/credentialManager.test.ts" name="SecureCredentialManager &gt; Error Handling &gt; should fallback to environment variables when secure storage operations fail" time="0.000313978">
        </testcase>
        <testcase classname="src/utils/credentialManager.test.ts" name="SecureCredentialManager &gt; Error Handling &gt; should not throw when deleting non-existent credentials" time="0.00123141">
        </testcase>
        <testcase classname="src/utils/credentialManager.test.ts" name="SecureCredentialManager &gt; Security Considerations &gt; should not log credential values in commands" time="0.000559233">
        </testcase>
        <testcase classname="src/utils/credentialManager.test.ts" name="SecureCredentialManager &gt; Security Considerations &gt; should handle special characters in credentials safely" time="0.000397696">
        </testcase>
        <testcase classname="src/utils/credentialManager.test.ts" name="SecureCredentialManager &gt; Security Considerations &gt; should use stdio pipes to prevent credential exposure" time="0.000860539">
        </testcase>
        <testcase classname="src/utils/credentialManager.test.ts" name="SecureCredentialManager &gt; Integration with Global Instance &gt; should export a singleton instance" time="0.000473016">
        </testcase>
    </testsuite>
</testsuites>
